1656648546001	geckodriver	INFO	Listening on 127.0.0.1:60285
1656648546068	mozrunner::runner	INFO	Running command: "/usr/bin/firefox" "--marionette" "--remote-debugging-port" "43995" "--remote-allow-hosts" "localhost" "-no-remote" "-profile" "/tmp/rust_mozprofilei4jVv1"
ATTENTION: default value of option mesa_glthread overridden by environment.
ATTENTION: default value of option mesa_glthread overridden by environment.
ATTENTION: default value of option mesa_glthread overridden by environment.
ATTENTION: default value of option mesa_glthread overridden by environment.
1656648546869	Marionette	INFO	Marionette enabled
WebDriver BiDi listening on ws://localhost:43995
console.warn: SearchSettings: "get: No settings file exists, new profile?" (new NotFoundError("Could not open the file at /tmp/rust_mozprofilei4jVv1/search.json.mozlz4", (void 0)))
1656648548026	Marionette	INFO	Listening on port 35495
DevTools listening on ws://localhost:43995/devtools/browser/94e3eec7-b23e-4a3d-9b35-d71e7d18ece5
Read port: 35495
1656648548085	RemoteAgent	WARN	TLS certificate errors will be ignored for this session
1656648555413	Marionette	WARN	Ignoring event 'pageshow' because document has an invalid readyState of 'uninitialized'.
[2022-07-01T04:09:15Z ERROR mp4parse] Found 2 nul bytes in "\u{0}\u{0}"
[2022-07-01T04:09:15Z ERROR mp4parse] Found 2 nul bytes in "\u{0}\u{0}"
[2022-07-01T04:09:15Z ERROR mp4parse] Found 2 nul bytes in "\u{0}\u{0}"
[2022-07-01T04:09:15Z ERROR mp4parse] Found 2 nul bytes in "\u{0}\u{0}"
1656648560730	Marionette	INFO	Stopped listening on port 35495

###!!! [Parent][PImageBridgeParent] Error: RunMessage(msgname=PImageBridge::Msg_WillClose) Channel closing: too late to send/recv, messages will be lost

1656648674849	geckodriver	INFO	Listening on 127.0.0.1:52297
1656648674891	mozrunner::runner	INFO	Running command: "/usr/bin/firefox" "--marionette" "--remote-debugging-port" "38209" "--remote-allow-hosts" "localhost" "-no-remote" "-profile" "/tmp/rust_mozprofile2jOztU"
ATTENTION: default value of option mesa_glthread overridden by environment.
ATTENTION: default value of option mesa_glthread overridden by environment.
ATTENTION: default value of option mesa_glthread overridden by environment.
ATTENTION: default value of option mesa_glthread overridden by environment.
1656648675587	Marionette	INFO	Marionette enabled
WebDriver BiDi listening on ws://localhost:38209
console.warn: SearchSettings: "get: No settings file exists, new profile?" (new NotFoundError("Could not open the file at /tmp/rust_mozprofile2jOztU/search.json.mozlz4", (void 0)))
1656648676712	Marionette	INFO	Listening on port 37767
DevTools listening on ws://localhost:38209/devtools/browser/aabf675b-0c24-4e8a-a06d-9e1d98b75f63
Read port: 37767
1656648676805	RemoteAgent	WARN	TLS certificate errors will be ignored for this session
1656648679161	Marionette	INFO	Stopped listening on port 37767
console.warn: TopSitesFeed: Failed to fetch data from Contile server: NetworkError when attempting to fetch resource.
Sandbox: Unexpected EOF, op 0 flags 00 path /proc/cpuinfo
1656665041561	geckodriver	INFO	Listening on 127.0.0.1:43735
1656665042118	mozrunner::runner	INFO	Running command: "/usr/bin/firefox" "--marionette" "headless" "--remote-debugging-port" "52509" "--remote-allow-hosts" "localhost" "-no-remote" "-profile" "/tmp/rust_mozprofile4ZvzQG"
ATTENTION: default value of option mesa_glthread overridden by environment.
ATTENTION: default value of option mesa_glthread overridden by environment.
ATTENTION: default value of option mesa_glthread overridden by environment.
ATTENTION: default value of option mesa_glthread overridden by environment.
1656665042887	Marionette	INFO	Marionette enabled
WebDriver BiDi listening on ws://localhost:52509
console.warn: SearchSettings: "get: No settings file exists, new profile?" (new NotFoundError("Could not open the file at /tmp/rust_mozprofile4ZvzQG/search.json.mozlz4", (void 0)))
1656665044181	Marionette	INFO	Listening on port 39739
DevTools listening on ws://localhost:52509/devtools/browser/1379ef18-5a86-4004-a07e-2af1779ba208
Read port: 39739
1656665044239	RemoteAgent	WARN	TLS certificate errors will be ignored for this session
1656665054905	Marionette	INFO	Stopped listening on port 39739
console.warn: TopSitesFeed: Failed to fetch data from Contile server: NetworkError when attempting to fetch resource.

###!!! [Parent][PImageBridgeParent] Error: RunMessage(msgname=PImageBridge::Msg_WillClose) Channel closing: too late to send/recv, messages will be lost

Sandbox: Unexpected EOF, op 0 flags 00 path /proc/cpuinfo
1656665146478	geckodriver	INFO	Listening on 127.0.0.1:44315
1656665146531	mozrunner::runner	INFO	Running command: "/usr/bin/firefox" "--marionette" "headless" "--remote-debugging-port" "35137" "--remote-allow-hosts" "localhost" "-no-remote" "-profile" "/tmp/rust_mozprofile6bCeCF"
ATTENTION: default value of option mesa_glthread overridden by environment.
ATTENTION: default value of option mesa_glthread overridden by environment.
ATTENTION: default value of option mesa_glthread overridden by environment.
ATTENTION: default value of option mesa_glthread overridden by environment.
1656665147250	Marionette	INFO	Marionette enabled
WebDriver BiDi listening on ws://localhost:35137
console.warn: SearchSettings: "get: No settings file exists, new profile?" (new NotFoundError("Could not open the file at /tmp/rust_mozprofile6bCeCF/search.json.mozlz4", (void 0)))
1656665148818	Marionette	INFO	Listening on port 36919
DevTools listening on ws://localhost:35137/devtools/browser/5645700a-ea53-49d5-8e76-034778f90289
Read port: 36919
1656665148846	RemoteAgent	WARN	TLS certificate errors will be ignored for this session
1656665156809	Marionette	INFO	Stopped listening on port 36919
console.warn: TopSitesFeed: Failed to fetch data from Contile server: NetworkError when attempting to fetch resource.

###!!! [Parent][PImageBridgeParent] Error: RunMessage(msgname=PImageBridge::Msg_WillClose) Channel closing: too late to send/recv, messages will be lost

1656665157911	geckodriver	INFO	Listening on 127.0.0.1:33131
1656665157938	mozrunner::runner	INFO	Running command: "/usr/bin/firefox" "--marionette" "headless" "--remote-debugging-port" "54151" "--remote-allow-hosts" "localhost" "-no-remote" "-profile" "/tmp/rust_mozprofile8q5VVz"
ATTENTION: default value of option mesa_glthread overridden by environment.
ATTENTION: default value of option mesa_glthread overridden by environment.
ATTENTION: default value of option mesa_glthread overridden by environment.
ATTENTION: default value of option mesa_glthread overridden by environment.
1656665158802	Marionette	INFO	Marionette enabled
WebDriver BiDi listening on ws://localhost:54151
console.warn: SearchSettings: "get: No settings file exists, new profile?" (new NotFoundError("Could not open the file at /tmp/rust_mozprofile8q5VVz/search.json.mozlz4", (void 0)))
1656665160269	Marionette	INFO	Listening on port 35691
DevTools listening on ws://localhost:54151/devtools/browser/d0a97855-4750-41ea-8c12-f33d89ab2a5d
Read port: 35691
1656665160357	RemoteAgent	WARN	TLS certificate errors will be ignored for this session
1656665162708	Marionette	INFO	Stopped listening on port 35691
console.warn: TopSitesFeed: Failed to fetch data from Contile server: NetworkError when attempting to fetch resource.
1656665375371	geckodriver	INFO	Listening on 127.0.0.1:41933
1656665375456	mozrunner::runner	INFO	Running command: "/usr/bin/firefox" "--marionette" "--headless" "--remote-debugging-port" "54169" "--remote-allow-hosts" "localhost" "-no-remote" "-profile" "/tmp/rust_mozprofileA2VGte"
*** You are running in headless mode.
1656665375734	Marionette	INFO	Marionette enabled
WebDriver BiDi listening on ws://localhost:54169
[GFX1-]: RenderCompositorSWGL failed mapping default framebuffer, no dt
console.warn: SearchSettings: "get: No settings file exists, new profile?" (new NotFoundError("Could not open the file at /tmp/rust_mozprofileA2VGte/search.json.mozlz4", (void 0)))
1656665376683	Marionette	INFO	Listening on port 34245
DevTools listening on ws://localhost:54169/devtools/browser/7f710244-684b-4d64-9824-70d014c5dd86
Read port: 34245
1656665376775	RemoteAgent	WARN	TLS certificate errors will be ignored for this session
Exiting due to channel error.
Exiting due to channel error.
[GFX1-]: Receive IPC close with reason=AbnormalShutdown
Exiting due to channel error.
1656665430385	geckodriver	INFO	Listening on 127.0.0.1:60155
1656665430452	mozrunner::runner	INFO	Running command: "/usr/bin/firefox" "--marionette" "--headless" "--remote-debugging-port" "48531" "--remote-allow-hosts" "localhost" "-no-remote" "-profile" "/tmp/rust_mozprofileCWutOH"
*** You are running in headless mode.
1656665430789	Marionette	INFO	Marionette enabled
WebDriver BiDi listening on ws://localhost:48531
[GFX1-]: RenderCompositorSWGL failed mapping default framebuffer, no dt
console.warn: SearchSettings: "get: No settings file exists, new profile?" (new NotFoundError("Could not open the file at /tmp/rust_mozprofileCWutOH/search.json.mozlz4", (void 0)))
1656665431762	Marionette	INFO	Listening on port 42865
DevTools listening on ws://localhost:48531/devtools/browser/7a1267b5-728b-43a7-a96e-74a908091831
Read port: 42865
1656665431871	RemoteAgent	WARN	TLS certificate errors will be ignored for this session
Exiting due to channel error.
Exiting due to channel error.
Exiting due to channel error.
1656665648705	geckodriver	INFO	Listening on 127.0.0.1:59173
1656665648775	mozrunner::runner	INFO	Running command: "/usr/bin/firefox" "--marionette" "--headless" "--remote-debugging-port" "45543" "--remote-allow-hosts" "localhost" "-no-remote" "-profile" "/tmp/rust_mozprofileq4zeUu"
*** You are running in headless mode.
1656665649146	Marionette	INFO	Marionette enabled
WebDriver BiDi listening on ws://localhost:45543
[GFX1-]: RenderCompositorSWGL failed mapping default framebuffer, no dt
console.warn: SearchSettings: "get: No settings file exists, new profile?" (new NotFoundError("Could not open the file at /tmp/rust_mozprofileq4zeUu/search.json.mozlz4", (void 0)))
1656665650208	Marionette	INFO	Listening on port 34337
DevTools listening on ws://localhost:45543/devtools/browser/05ebe081-d8e5-4a86-8b6c-f66740efd114
Read port: 34337
1656665650290	RemoteAgent	WARN	TLS certificate errors will be ignored for this session
Exiting due to channel error.
Exiting due to channel error.
Exiting due to channel error.
1656665716761	geckodriver	INFO	Listening on 127.0.0.1:59067
1656665716813	mozrunner::runner	INFO	Running command: "/usr/bin/firefox" "--marionette" "--headless" "--remote-debugging-port" "34731" "--remote-allow-hosts" "localhost" "-no-remote" "-profile" "/tmp/rust_mozprofileBbTlHi"
*** You are running in headless mode.
1656665717133	Marionette	INFO	Marionette enabled
WebDriver BiDi listening on ws://localhost:34731
[GFX1-]: RenderCompositorSWGL failed mapping default framebuffer, no dt
console.warn: SearchSettings: "get: No settings file exists, new profile?" (new NotFoundError("Could not open the file at /tmp/rust_mozprofileBbTlHi/search.json.mozlz4", (void 0)))
1656665718545	Marionette	INFO	Listening on port 41975
DevTools listening on ws://localhost:34731/devtools/browser/74dd7e30-d4b2-4830-beea-127c3c8d09fc
Read port: 41975
1656665718631	RemoteAgent	WARN	TLS certificate errors will be ignored for this session
Exiting due to channel error.
Exiting due to channel error.
Exiting due to channel error.
1656665858708	geckodriver	INFO	Listening on 127.0.0.1:36349
1656665858749	mozrunner::runner	INFO	Running command: "/usr/bin/firefox" "--marionette" "--headless" "--remote-debugging-port" "38957" "--remote-allow-hosts" "localhost" "-no-remote" "-profile" "/tmp/rust_mozprofileo28nsJ"
*** You are running in headless mode.
1656665859024	Marionette	INFO	Marionette enabled
WebDriver BiDi listening on ws://localhost:38957
[GFX1-]: RenderCompositorSWGL failed mapping default framebuffer, no dt
console.warn: SearchSettings: "get: No settings file exists, new profile?" (new NotFoundError("Could not open the file at /tmp/rust_mozprofileo28nsJ/search.json.mozlz4", (void 0)))
1656665859905	Marionette	INFO	Listening on port 38419
DevTools listening on ws://localhost:38957/devtools/browser/21253e6b-f4de-4604-88a8-1e6607268f5f
Read port: 38419
1656665859972	RemoteAgent	WARN	TLS certificate errors will be ignored for this session
1656665907964	geckodriver	INFO	Listening on 127.0.0.1:34249
1656665908023	mozrunner::runner	INFO	Running command: "/usr/bin/firefox" "--marionette" "--headless" "--remote-debugging-port" "57647" "--remote-allow-hosts" "localhost" "-no-remote" "-profile" "/tmp/rust_mozprofile6EbX7l"
*** You are running in headless mode.
1656665908343	Marionette	INFO	Marionette enabled
WebDriver BiDi listening on ws://localhost:57647
[GFX1-]: RenderCompositorSWGL failed mapping default framebuffer, no dt
console.warn: SearchSettings: "get: No settings file exists, new profile?" (new NotFoundError("Could not open the file at /tmp/rust_mozprofile6EbX7l/search.json.mozlz4", (void 0)))
1656665909265	Marionette	INFO	Listening on port 46551
DevTools listening on ws://localhost:57647/devtools/browser/e47fbae2-a2cc-4b21-b181-a61b1d3e0025
Read port: 46551
1656665909341	RemoteAgent	WARN	TLS certificate errors will be ignored for this session
Exiting due to channel error.
Exiting due to channel error.
Exiting due to channel error.
1656665973815	geckodriver	INFO	Listening on 127.0.0.1:38645
1656665973871	mozrunner::runner	INFO	Running command: "/usr/bin/firefox" "--marionette" "--headless" "--remote-debugging-port" "49303" "--remote-allow-hosts" "localhost" "-no-remote" "-profile" "/tmp/rust_mozprofileCtK55u"
*** You are running in headless mode.
1656665974252	Marionette	INFO	Marionette enabled
WebDriver BiDi listening on ws://localhost:49303
[GFX1-]: RenderCompositorSWGL failed mapping default framebuffer, no dt
console.warn: SearchSettings: "get: No settings file exists, new profile?" (new NotFoundError("Could not open the file at /tmp/rust_mozprofileCtK55u/search.json.mozlz4", (void 0)))
1656665975351	Marionette	INFO	Listening on port 37113
Read port: 37113
1656665975421	RemoteAgent	WARN	TLS certificate errors will be ignored for this session
DevTools listening on ws://localhost:49303/devtools/browser/7aa820fb-5ffa-45d1-8cce-087141105ce8
Exiting due to channel error.
Exiting due to channel error.
Exiting due to channel error.
1656666066841	geckodriver	INFO	Listening on 127.0.0.1:47175
1656666066892	mozrunner::runner	INFO	Running command: "/usr/bin/firefox" "--marionette" "--headless" "--remote-debugging-port" "44609" "--remote-allow-hosts" "localhost" "-no-remote" "-profile" "/tmp/rust_mozprofilevCK76Y"
*** You are running in headless mode.
1656666067145	Marionette	INFO	Marionette enabled
WebDriver BiDi listening on ws://localhost:44609
[GFX1-]: RenderCompositorSWGL failed mapping default framebuffer, no dt
console.warn: SearchSettings: "get: No settings file exists, new profile?" (new NotFoundError("Could not open the file at /tmp/rust_mozprofilevCK76Y/search.json.mozlz4", (void 0)))
1656666068113	Marionette	INFO	Listening on port 41397
DevTools listening on ws://localhost:44609/devtools/browser/8280b79c-9569-4c24-8e51-b862e86a8c91
Read port: 41397
1656666068203	RemoteAgent	WARN	TLS certificate errors will be ignored for this session
Exiting due to channel error.
Exiting due to channel error.
Exiting due to channel error.
1656666147338	geckodriver	INFO	Listening on 127.0.0.1:55815
1656666147912	mozrunner::runner	INFO	Running command: "/usr/bin/firefox" "--marionette" "--headless" "--remote-debugging-port" "52171" "--remote-allow-hosts" "localhost" "-no-remote" "-profile" "/tmp/rust_mozprofilea3byKR"
*** You are running in headless mode.
1656666148559	Marionette	INFO	Marionette enabled
WebDriver BiDi listening on ws://localhost:52171
[GFX1-]: RenderCompositorSWGL failed mapping default framebuffer, no dt
console.warn: SearchSettings: "get: No settings file exists, new profile?" (new NotFoundError("Could not open the file at /tmp/rust_mozprofilea3byKR/search.json.mozlz4", (void 0)))
1656666149710	Marionette	INFO	Listening on port 38835
Read port: 38835
1656666149737	RemoteAgent	WARN	TLS certificate errors will be ignored for this session
DevTools listening on ws://localhost:52171/devtools/browser/2e314815-06db-4f28-9fca-4a013a4cad48
Exiting due to channel error.
Exiting due to channel error.
Exiting due to channel error.
1656666200570	geckodriver	INFO	Listening on 127.0.0.1:50043
1656666200661	mozrunner::runner	INFO	Running command: "/usr/bin/firefox" "--marionette" "--headless" "--remote-debugging-port" "34129" "--remote-allow-hosts" "localhost" "-no-remote" "-profile" "/tmp/rust_mozprofileJfJ5WO"
*** You are running in headless mode.
1656666201355	Marionette	INFO	Marionette enabled
WebDriver BiDi listening on ws://localhost:34129
[GFX1-]: RenderCompositorSWGL failed mapping default framebuffer, no dt
console.warn: SearchSettings: "get: No settings file exists, new profile?" (new NotFoundError("Could not open the file at /tmp/rust_mozprofileJfJ5WO/search.json.mozlz4", (void 0)))
1656666202917	Marionette	INFO	Listening on port 33361
DevTools listening on ws://localhost:34129/devtools/browser/da324be1-e0d6-44a1-bb98-dd675044056d
Read port: 33361
1656666202980	RemoteAgent	WARN	TLS certificate errors will be ignored for this session
Exiting due to channel error.
Exiting due to channel error.
Exiting due to channel error.
1656666660397	geckodriver	INFO	Listening on 127.0.0.1:47625
1656666660448	mozrunner::runner	INFO	Running command: "/usr/bin/firefox" "--marionette" "--headless" "--remote-debugging-port" "35199" "--remote-allow-hosts" "localhost" "-no-remote" "-profile" "/tmp/rust_mozprofileVJ0s2y"
*** You are running in headless mode.
1656666660695	Marionette	INFO	Marionette enabled
WebDriver BiDi listening on ws://localhost:35199
[GFX1-]: RenderCompositorSWGL failed mapping default framebuffer, no dt
console.warn: SearchSettings: "get: No settings file exists, new profile?" (new NotFoundError("Could not open the file at /tmp/rust_mozprofileVJ0s2y/search.json.mozlz4", (void 0)))
1656666661417	Marionette	INFO	Listening on port 45207
DevTools listening on ws://localhost:35199/devtools/browser/ee8aeb77-6b18-4510-b9c2-f8b065cee0ca
Read port: 45207
1656666661461	RemoteAgent	WARN	TLS certificate errors will be ignored for this session
1656666697221	geckodriver	INFO	Listening on 127.0.0.1:51343
1656666697268	mozrunner::runner	INFO	Running command: "/usr/bin/firefox" "--marionette" "--headless" "--remote-debugging-port" "47685" "--remote-allow-hosts" "localhost" "-no-remote" "-profile" "/tmp/rust_mozprofilegFWuGb"
*** You are running in headless mode.
1656666697535	Marionette	INFO	Marionette enabled
WebDriver BiDi listening on ws://localhost:47685
[GFX1-]: RenderCompositorSWGL failed mapping default framebuffer, no dt
console.warn: SearchSettings: "get: No settings file exists, new profile?" (new NotFoundError("Could not open the file at /tmp/rust_mozprofilegFWuGb/search.json.mozlz4", (void 0)))
1656666698570	Marionette	INFO	Listening on port 38641
DevTools listening on ws://localhost:47685/devtools/browser/e30873d5-6b91-4a88-92ef-bf3dbf4da2d0
Read port: 38641
1656666698687	RemoteAgent	WARN	TLS certificate errors will be ignored for this session
Exiting due to channel error.
Exiting due to channel error.
Exiting due to channel error.
1656666764239	geckodriver	INFO	Listening on 127.0.0.1:45065
1656666764291	mozrunner::runner	INFO	Running command: "/usr/bin/firefox" "--marionette" "--headless" "--remote-debugging-port" "57073" "--remote-allow-hosts" "localhost" "-no-remote" "-profile" "/tmp/rust_mozprofile9wucKC"
*** You are running in headless mode.
1656666764588	Marionette	INFO	Marionette enabled
WebDriver BiDi listening on ws://localhost:57073
[GFX1-]: RenderCompositorSWGL failed mapping default framebuffer, no dt
console.warn: SearchSettings: "get: No settings file exists, new profile?" (new NotFoundError("Could not open the file at /tmp/rust_mozprofile9wucKC/search.json.mozlz4", (void 0)))
1656666765708	Marionette	INFO	Listening on port 34503
DevTools listening on ws://localhost:57073/devtools/browser/afcc7381-59fd-47d8-9e33-d8eabc4ed56e
Read port: 34503
1656666765806	RemoteAgent	WARN	TLS certificate errors will be ignored for this session
Exiting due to channel error.
Exiting due to channel error.
Exiting due to channel error.
1656666902866	geckodriver	INFO	Listening on 127.0.0.1:34545
1656666902919	mozrunner::runner	INFO	Running command: "/usr/bin/firefox" "--marionette" "--headless" "--remote-debugging-port" "59423" "--remote-allow-hosts" "localhost" "-no-remote" "-profile" "/tmp/rust_mozprofileyDzgsv"
*** You are running in headless mode.
1656666903227	Marionette	INFO	Marionette enabled
WebDriver BiDi listening on ws://localhost:59423
[GFX1-]: RenderCompositorSWGL failed mapping default framebuffer, no dt
console.warn: SearchSettings: "get: No settings file exists, new profile?" (new NotFoundError("Could not open the file at /tmp/rust_mozprofileyDzgsv/search.json.mozlz4", (void 0)))
1656666904634	Marionette	INFO	Listening on port 37313
DevTools listening on ws://localhost:59423/devtools/browser/3e93a5e1-34aa-42c4-acdd-c14e4330d848
Read port: 37313
1656666904747	RemoteAgent	WARN	TLS certificate errors will be ignored for this session
Exiting due to channel error.
Exiting due to channel error.
Exiting due to channel error.
1656666954873	geckodriver	INFO	Listening on 127.0.0.1:51635
1656666954925	mozrunner::runner	INFO	Running command: "/usr/bin/firefox" "--marionette" "--headless" "--remote-debugging-port" "36189" "--remote-allow-hosts" "localhost" "-no-remote" "-profile" "/tmp/rust_mozprofile6qE943"
*** You are running in headless mode.
1656666955208	Marionette	INFO	Marionette enabled
WebDriver BiDi listening on ws://localhost:36189
[GFX1-]: RenderCompositorSWGL failed mapping default framebuffer, no dt
console.warn: SearchSettings: "get: No settings file exists, new profile?" (new NotFoundError("Could not open the file at /tmp/rust_mozprofile6qE943/search.json.mozlz4", (void 0)))
1656666956259	Marionette	INFO	Listening on port 42193
DevTools listening on ws://localhost:36189/devtools/browser/2d3d84fc-095b-47be-91d5-4a52957d4218
Read port: 42193
1656666956337	RemoteAgent	WARN	TLS certificate errors will be ignored for this session
Exiting due to channel error.
Exiting due to channel error.
Exiting due to channel error.
1656667014449	geckodriver	INFO	Listening on 127.0.0.1:33217
1656667014516	mozrunner::runner	INFO	Running command: "/usr/bin/firefox" "--marionette" "--headless" "--remote-debugging-port" "57387" "--remote-allow-hosts" "localhost" "-no-remote" "-profile" "/tmp/rust_mozprofilehc1SK7"
*** You are running in headless mode.
1656667014752	Marionette	INFO	Marionette enabled
WebDriver BiDi listening on ws://localhost:57387
[GFX1-]: RenderCompositorSWGL failed mapping default framebuffer, no dt
console.warn: SearchSettings: "get: No settings file exists, new profile?" (new NotFoundError("Could not open the file at /tmp/rust_mozprofilehc1SK7/search.json.mozlz4", (void 0)))
1656667015809	Marionette	INFO	Listening on port 43655
Read port: 43655
1656667015843	RemoteAgent	WARN	TLS certificate errors will be ignored for this session
DevTools listening on ws://localhost:57387/devtools/browser/1c7f2edb-63dc-40ac-8201-2752af5b580c
1656667063408	geckodriver	INFO	Listening on 127.0.0.1:52349
1656667063451	mozrunner::runner	INFO	Running command: "/usr/bin/firefox" "--marionette" "--headless" "--remote-debugging-port" "45223" "--remote-allow-hosts" "localhost" "-no-remote" "-profile" "/tmp/rust_mozprofileobFQt2"
*** You are running in headless mode.
1656667063768	Marionette	INFO	Marionette enabled
WebDriver BiDi listening on ws://localhost:45223
[GFX1-]: RenderCompositorSWGL failed mapping default framebuffer, no dt
console.warn: SearchSettings: "get: No settings file exists, new profile?" (new NotFoundError("Could not open the file at /tmp/rust_mozprofileobFQt2/search.json.mozlz4", (void 0)))
1656667064790	Marionette	INFO	Listening on port 45235
DevTools listening on ws://localhost:45223/devtools/browser/a530b4c4-991c-41c7-b898-aa43b3517779
Read port: 45235
1656667064864	RemoteAgent	WARN	TLS certificate errors will be ignored for this session
1656667178070	geckodriver	INFO	Listening on 127.0.0.1:54757
1656667178139	mozrunner::runner	INFO	Running command: "/usr/bin/firefox" "--marionette" "--headless" "--remote-debugging-port" "34425" "--remote-allow-hosts" "localhost" "-no-remote" "-profile" "/tmp/rust_mozprofile78azPK"
*** You are running in headless mode.
1656667178420	Marionette	INFO	Marionette enabled
WebDriver BiDi listening on ws://localhost:34425
[GFX1-]: RenderCompositorSWGL failed mapping default framebuffer, no dt
console.warn: SearchSettings: "get: No settings file exists, new profile?" (new NotFoundError("Could not open the file at /tmp/rust_mozprofile78azPK/search.json.mozlz4", (void 0)))
1656667179661	Marionette	INFO	Listening on port 36933
DevTools listening on ws://localhost:34425/devtools/browser/f6e2adfa-1b1f-4446-a66a-934b153ad83a
Read port: 36933
1656667179751	RemoteAgent	WARN	TLS certificate errors will be ignored for this session
1656667210521	geckodriver	INFO	Listening on 127.0.0.1:57495
1656667210581	mozrunner::runner	INFO	Running command: "/usr/bin/firefox" "--marionette" "--headless" "--remote-debugging-port" "58403" "--remote-allow-hosts" "localhost" "-no-remote" "-profile" "/tmp/rust_mozprofileyuPyyL"
*** You are running in headless mode.
1656667210899	Marionette	INFO	Marionette enabled
WebDriver BiDi listening on ws://localhost:58403
[GFX1-]: RenderCompositorSWGL failed mapping default framebuffer, no dt
console.warn: SearchSettings: "get: No settings file exists, new profile?" (new NotFoundError("Could not open the file at /tmp/rust_mozprofileyuPyyL/search.json.mozlz4", (void 0)))
1656667211881	Marionette	INFO	Listening on port 44567
Read port: 44567
1656667211895	RemoteAgent	WARN	TLS certificate errors will be ignored for this session
DevTools listening on ws://localhost:58403/devtools/browser/bf3e9f58-7eac-40ec-967c-27d80f3ce6e3
1656667340365	geckodriver	INFO	Listening on 127.0.0.1:38937
1656667340418	mozrunner::runner	INFO	Running command: "/usr/bin/firefox" "--marionette" "--headless" "--remote-debugging-port" "35731" "--remote-allow-hosts" "localhost" "-no-remote" "-profile" "/tmp/rust_mozprofileUKuCUs"
*** You are running in headless mode.
1656667340691	Marionette	INFO	Marionette enabled
WebDriver BiDi listening on ws://localhost:35731
[GFX1-]: RenderCompositorSWGL failed mapping default framebuffer, no dt
console.warn: SearchSettings: "get: No settings file exists, new profile?" (new NotFoundError("Could not open the file at /tmp/rust_mozprofileUKuCUs/search.json.mozlz4", (void 0)))
1656667342255	Marionette	INFO	Listening on port 40545
DevTools listening on ws://localhost:35731/devtools/browser/1cd5284d-702b-42c4-9464-fc23224b3d50
Read port: 40545
1656667342334	RemoteAgent	WARN	TLS certificate errors will be ignored for this session
Exiting due to channel error.
Exiting due to channel error.
Exiting due to channel error.
1656667370234	geckodriver	INFO	Listening on 127.0.0.1:44425
1656667370306	mozrunner::runner	INFO	Running command: "/usr/bin/firefox" "--marionette" "--headless" "--remote-debugging-port" "36639" "--remote-allow-hosts" "localhost" "-no-remote" "-profile" "/tmp/rust_mozprofilelNk0Ih"
*** You are running in headless mode.
1656667370615	Marionette	INFO	Marionette enabled
WebDriver BiDi listening on ws://localhost:36639
[GFX1-]: RenderCompositorSWGL failed mapping default framebuffer, no dt
console.warn: SearchSettings: "get: No settings file exists, new profile?" (new NotFoundError("Could not open the file at /tmp/rust_mozprofilelNk0Ih/search.json.mozlz4", (void 0)))
1656667371898	Marionette	INFO	Listening on port 41401
Read port: 41401
DevTools listening on ws://localhost:36639/devtools/browser/c2d3633c-1cb5-4a80-8022-ec707e42c19b
1656667371990	RemoteAgent	WARN	TLS certificate errors will be ignored for this session
1656667549189	geckodriver	INFO	Listening on 127.0.0.1:37779
1656667549247	mozrunner::runner	INFO	Running command: "/usr/bin/firefox" "--marionette" "--headless" "--remote-debugging-port" "43675" "--remote-allow-hosts" "localhost" "-no-remote" "-profile" "/tmp/rust_mozprofile8gH0u5"
*** You are running in headless mode.
1656667549563	Marionette	INFO	Marionette enabled
WebDriver BiDi listening on ws://localhost:43675
[GFX1-]: RenderCompositorSWGL failed mapping default framebuffer, no dt
console.warn: SearchSettings: "get: No settings file exists, new profile?" (new NotFoundError("Could not open the file at /tmp/rust_mozprofile8gH0u5/search.json.mozlz4", (void 0)))
1656667550577	Marionette	INFO	Listening on port 34279
DevTools listening on ws://localhost:43675/devtools/browser/fda5af09-6722-484c-ba13-ce553d89be70
Read port: 34279
1656667550662	RemoteAgent	WARN	TLS certificate errors will be ignored for this session
Exiting due to channel error.
Exiting due to channel error.
Exiting due to channel error.
1656667744115	geckodriver	INFO	Listening on 127.0.0.1:36611
1656667744169	mozrunner::runner	INFO	Running command: "/usr/bin/firefox" "--marionette" "--headless" "--remote-debugging-port" "46479" "--remote-allow-hosts" "localhost" "-no-remote" "-profile" "/tmp/rust_mozprofile86MdqG"
*** You are running in headless mode.
1656667744503	Marionette	INFO	Marionette enabled
WebDriver BiDi listening on ws://localhost:46479
[GFX1-]: RenderCompositorSWGL failed mapping default framebuffer, no dt
console.warn: SearchSettings: "get: No settings file exists, new profile?" (new NotFoundError("Could not open the file at /tmp/rust_mozprofile86MdqG/search.json.mozlz4", (void 0)))
1656667745514	Marionette	INFO	Listening on port 43367
DevTools listening on ws://localhost:46479/devtools/browser/59bcaec1-3fa9-416a-84d6-7a32ea3cfed1
Read port: 43367
1656667745585	RemoteAgent	WARN	TLS certificate errors will be ignored for this session
1656667764776	geckodriver	INFO	Listening on 127.0.0.1:49575
1656667764827	mozrunner::runner	INFO	Running command: "/usr/bin/firefox" "--marionette" "--headless" "--remote-debugging-port" "40965" "--remote-allow-hosts" "localhost" "-no-remote" "-profile" "/tmp/rust_mozprofileW1dMnT"
*** You are running in headless mode.
1656667765101	Marionette	INFO	Marionette enabled
WebDriver BiDi listening on ws://localhost:40965
[GFX1-]: RenderCompositorSWGL failed mapping default framebuffer, no dt
console.warn: SearchSettings: "get: No settings file exists, new profile?" (new NotFoundError("Could not open the file at /tmp/rust_mozprofileW1dMnT/search.json.mozlz4", (void 0)))
1656667766219	Marionette	INFO	Listening on port 39371
Read port: 39371
DevTools listening on ws://localhost:40965/devtools/browser/0d19b4aa-fd5f-445c-b138-8730c56b8373
1656667766239	RemoteAgent	WARN	TLS certificate errors will be ignored for this session
1656667796021	geckodriver	INFO	Listening on 127.0.0.1:39569
1656667796084	mozrunner::runner	INFO	Running command: "/usr/bin/firefox" "--marionette" "--headless" "--remote-debugging-port" "47739" "--remote-allow-hosts" "localhost" "-no-remote" "-profile" "/tmp/rust_mozprofileFFoWsv"
*** You are running in headless mode.
1656667796389	Marionette	INFO	Marionette enabled
WebDriver BiDi listening on ws://localhost:47739
[GFX1-]: RenderCompositorSWGL failed mapping default framebuffer, no dt
console.warn: SearchSettings: "get: No settings file exists, new profile?" (new NotFoundError("Could not open the file at /tmp/rust_mozprofileFFoWsv/search.json.mozlz4", (void 0)))
1656667797639	Marionette	INFO	Listening on port 45383
DevTools listening on ws://localhost:47739/devtools/browser/ccb00470-ceea-45c6-83e7-ef2bef53865b
Read port: 45383
1656667797696	RemoteAgent	WARN	TLS certificate errors will be ignored for this session
1656667817761	geckodriver	INFO	Listening on 127.0.0.1:39821
1656667817812	mozrunner::runner	INFO	Running command: "/usr/bin/firefox" "--marionette" "--headless" "--remote-debugging-port" "42039" "--remote-allow-hosts" "localhost" "-no-remote" "-profile" "/tmp/rust_mozprofileiToFu3"
*** You are running in headless mode.
1656667818086	Marionette	INFO	Marionette enabled
WebDriver BiDi listening on ws://localhost:42039
[GFX1-]: RenderCompositorSWGL failed mapping default framebuffer, no dt
console.warn: SearchSettings: "get: No settings file exists, new profile?" (new NotFoundError("Could not open the file at /tmp/rust_mozprofileiToFu3/search.json.mozlz4", (void 0)))
1656667819510	Marionette	INFO	Listening on port 41367
Read port: 41367
1656667819526	RemoteAgent	WARN	TLS certificate errors will be ignored for this session
DevTools listening on ws://localhost:42039/devtools/browser/e9069875-d146-4a2c-901b-56b40b0f0d35
Exiting due to channel error.
Exiting due to channel error.
Exiting due to channel error.
1656667837371	geckodriver	INFO	Listening on 127.0.0.1:34053
1656667837423	mozrunner::runner	INFO	Running command: "/usr/bin/firefox" "--marionette" "--headless" "--remote-debugging-port" "49281" "--remote-allow-hosts" "localhost" "-no-remote" "-profile" "/tmp/rust_mozprofileopC3TB"
*** You are running in headless mode.
1656667837699	Marionette	INFO	Marionette enabled
WebDriver BiDi listening on ws://localhost:49281
[GFX1-]: RenderCompositorSWGL failed mapping default framebuffer, no dt
console.warn: SearchSettings: "get: No settings file exists, new profile?" (new NotFoundError("Could not open the file at /tmp/rust_mozprofileopC3TB/search.json.mozlz4", (void 0)))
1656667839016	Marionette	INFO	Listening on port 33633
Read port: 33633
1656667839036	RemoteAgent	WARN	TLS certificate errors will be ignored for this session
DevTools listening on ws://localhost:49281/devtools/browser/b94d1694-e0f3-4306-b65f-85c58bffe51a
Exiting due to channel error.
Exiting due to channel error.
Exiting due to channel error.
1656668125781	geckodriver	INFO	Listening on 127.0.0.1:45193
1656668125827	mozrunner::runner	INFO	Running command: "/usr/bin/firefox" "--marionette" "--headless" "--remote-debugging-port" "57731" "--remote-allow-hosts" "localhost" "-no-remote" "-profile" "/tmp/rust_mozprofilenkUuEb"
*** You are running in headless mode.
1656668126076	Marionette	INFO	Marionette enabled
WebDriver BiDi listening on ws://localhost:57731
[GFX1-]: RenderCompositorSWGL failed mapping default framebuffer, no dt
console.warn: SearchSettings: "get: No settings file exists, new profile?" (new NotFoundError("Could not open the file at /tmp/rust_mozprofilenkUuEb/search.json.mozlz4", (void 0)))
1656668126892	Marionette	INFO	Listening on port 40233
DevTools listening on ws://localhost:57731/devtools/browser/8b16313a-3707-40db-a438-52602b5e5b40
Read port: 40233
1656668126945	RemoteAgent	WARN	TLS certificate errors will be ignored for this session
1656668208936	geckodriver	INFO	Listening on 127.0.0.1:34543
1656668208990	mozrunner::runner	INFO	Running command: "/usr/bin/firefox" "--marionette" "--headless" "--remote-debugging-port" "40605" "--remote-allow-hosts" "localhost" "-no-remote" "-profile" "/tmp/rust_mozprofilegi06yz"
*** You are running in headless mode.
1656668209300	Marionette	INFO	Marionette enabled
WebDriver BiDi listening on ws://localhost:40605
[GFX1-]: RenderCompositorSWGL failed mapping default framebuffer, no dt
console.warn: SearchSettings: "get: No settings file exists, new profile?" (new NotFoundError("Could not open the file at /tmp/rust_mozprofilegi06yz/search.json.mozlz4", (void 0)))
1656668210410	Marionette	INFO	Listening on port 45919
DevTools listening on ws://localhost:40605/devtools/browser/99cbd7f6-f109-4349-9e00-20d768ceb6a6
Read port: 45919
1656668210503	RemoteAgent	WARN	TLS certificate errors will be ignored for this session
1656668261688	geckodriver	INFO	Listening on 127.0.0.1:47815
1656668261736	mozrunner::runner	INFO	Running command: "/usr/bin/firefox" "--marionette" "--headless" "--remote-debugging-port" "41493" "--remote-allow-hosts" "localhost" "-no-remote" "-profile" "/tmp/rust_mozprofilexJOSg4"
*** You are running in headless mode.
1656668262034	Marionette	INFO	Marionette enabled
WebDriver BiDi listening on ws://localhost:41493
[GFX1-]: RenderCompositorSWGL failed mapping default framebuffer, no dt
console.warn: SearchSettings: "get: No settings file exists, new profile?" (new NotFoundError("Could not open the file at /tmp/rust_mozprofilexJOSg4/search.json.mozlz4", (void 0)))
1656668263345	Marionette	INFO	Listening on port 33337
DevTools listening on ws://localhost:41493/devtools/browser/6e8aa157-111d-4f1f-bb2e-6561e810a6fb
Read port: 33337
1656668263448	RemoteAgent	WARN	TLS certificate errors will be ignored for this session
Exiting due to channel error.
Exiting due to channel error.
Exiting due to channel error.
1656668339096	geckodriver	INFO	Listening on 127.0.0.1:55493
1656668339150	mozrunner::runner	INFO	Running command: "/usr/bin/firefox" "--marionette" "--headless" "--remote-debugging-port" "33749" "--remote-allow-hosts" "localhost" "-no-remote" "-profile" "/tmp/rust_mozprofileukT4iT"
*** You are running in headless mode.
1656668339509	Marionette	INFO	Marionette enabled
WebDriver BiDi listening on ws://localhost:33749
[GFX1-]: RenderCompositorSWGL failed mapping default framebuffer, no dt
console.warn: SearchSettings: "get: No settings file exists, new profile?" (new NotFoundError("Could not open the file at /tmp/rust_mozprofileukT4iT/search.json.mozlz4", (void 0)))
1656668340478	Marionette	INFO	Listening on port 43327
DevTools listening on ws://localhost:33749/devtools/browser/efc72d01-7476-4aa7-9e37-ad0260f295c6
Read port: 43327
1656668340561	RemoteAgent	WARN	TLS certificate errors will be ignored for this session
1656668354998	geckodriver	INFO	Listening on 127.0.0.1:40739
1656668355053	mozrunner::runner	INFO	Running command: "/usr/bin/firefox" "--marionette" "--headless" "--remote-debugging-port" "42443" "--remote-allow-hosts" "localhost" "-no-remote" "-profile" "/tmp/rust_mozprofilejE29Q4"
*** You are running in headless mode.
1656668355308	Marionette	INFO	Marionette enabled
WebDriver BiDi listening on ws://localhost:42443
[GFX1-]: RenderCompositorSWGL failed mapping default framebuffer, no dt
console.warn: SearchSettings: "get: No settings file exists, new profile?" (new NotFoundError("Could not open the file at /tmp/rust_mozprofilejE29Q4/search.json.mozlz4", (void 0)))
1656668356108	Marionette	INFO	Listening on port 39175
DevTools listening on ws://localhost:42443/devtools/browser/9121a0a8-872a-4796-b766-d97658714466
Read port: 39175
1656668356166	RemoteAgent	WARN	TLS certificate errors will be ignored for this session
Exiting due to channel error.
Exiting due to channel error.
Exiting due to channel error.
1656668388750	geckodriver	INFO	Listening on 127.0.0.1:47035
1656668388806	mozrunner::runner	INFO	Running command: "/usr/bin/firefox" "--marionette" "--headless" "--remote-debugging-port" "58417" "--remote-allow-hosts" "localhost" "-no-remote" "-profile" "/tmp/rust_mozprofileFgehPF"
*** You are running in headless mode.
1656668389061	Marionette	INFO	Marionette enabled
WebDriver BiDi listening on ws://localhost:58417
[GFX1-]: RenderCompositorSWGL failed mapping default framebuffer, no dt
console.warn: SearchSettings: "get: No settings file exists, new profile?" (new NotFoundError("Could not open the file at /tmp/rust_mozprofileFgehPF/search.json.mozlz4", (void 0)))
1656668390503	Marionette	INFO	Listening on port 37695
Read port: 37695
1656668390517	RemoteAgent	WARN	TLS certificate errors will be ignored for this session
DevTools listening on ws://localhost:58417/devtools/browser/bad3bd50-c2e6-4303-93a5-c10cddffafb0
1656668416080	geckodriver	INFO	Listening on 127.0.0.1:50407
1656668416796	mozrunner::runner	INFO	Running command: "/usr/bin/firefox" "--marionette" "--headless" "--remote-debugging-port" "46873" "--remote-allow-hosts" "localhost" "-no-remote" "-profile" "/tmp/rust_mozprofilepMNG29"
*** You are running in headless mode.
1656668417453	Marionette	INFO	Marionette enabled
WebDriver BiDi listening on ws://localhost:46873
[GFX1-]: RenderCompositorSWGL failed mapping default framebuffer, no dt
console.warn: SearchSettings: "get: No settings file exists, new profile?" (new NotFoundError("Could not open the file at /tmp/rust_mozprofilepMNG29/search.json.mozlz4", (void 0)))
1656668418716	Marionette	INFO	Listening on port 38447
DevTools listening on ws://localhost:46873/devtools/browser/7a2ab165-838e-472e-96c1-acee8f4f6378
Read port: 38447
1656668418823	RemoteAgent	WARN	TLS certificate errors will be ignored for this session
Exiting due to channel error.
Exiting due to channel error.
Exiting due to channel error.
1656668494856	geckodriver	INFO	Listening on 127.0.0.1:52023
1656668494911	mozrunner::runner	INFO	Running command: "/usr/bin/firefox" "--marionette" "--headless" "--remote-debugging-port" "41729" "--remote-allow-hosts" "localhost" "-no-remote" "-profile" "/tmp/rust_mozprofile9HyMq4"
*** You are running in headless mode.
1656668495243	Marionette	INFO	Marionette enabled
WebDriver BiDi listening on ws://localhost:41729
[GFX1-]: RenderCompositorSWGL failed mapping default framebuffer, no dt
console.warn: SearchSettings: "get: No settings file exists, new profile?" (new NotFoundError("Could not open the file at /tmp/rust_mozprofile9HyMq4/search.json.mozlz4", (void 0)))
1656668496480	Marionette	INFO	Listening on port 40593
Read port: 40593
1656668496551	RemoteAgent	WARN	TLS certificate errors will be ignored for this session
DevTools listening on ws://localhost:41729/devtools/browser/87270f52-c4a5-46fd-838e-294c9d018f9f
1656668502823	Marionette	WARN	Ignoring event 'pageshow' because document has an invalid readyState of 'uninitialized'.
[2022-07-01T09:41:42Z ERROR mp4parse] Found 2 nul bytes in "\u{0}\u{0}"
[2022-07-01T09:41:42Z ERROR mp4parse] Found 2 nul bytes in "\u{0}\u{0}"
[2022-07-01T09:41:42Z ERROR mp4parse] Found 2 nul bytes in "\u{0}\u{0}"
[2022-07-01T09:41:42Z ERROR mp4parse] Found 2 nul bytes in "\u{0}\u{0}"
Exiting due to channel error.
Exiting due to channel error.
Exiting due to channel error.
1656668565194	geckodriver	INFO	Listening on 127.0.0.1:40549
1656668565253	mozrunner::runner	INFO	Running command: "/usr/bin/firefox" "--marionette" "--headless" "--remote-debugging-port" "59663" "--remote-allow-hosts" "localhost" "-no-remote" "-profile" "/tmp/rust_mozprofileWIiGcS"
*** You are running in headless mode.
1656668565491	Marionette	INFO	Marionette enabled
WebDriver BiDi listening on ws://localhost:59663
[GFX1-]: RenderCompositorSWGL failed mapping default framebuffer, no dt
console.warn: SearchSettings: "get: No settings file exists, new profile?" (new NotFoundError("Could not open the file at /tmp/rust_mozprofileWIiGcS/search.json.mozlz4", (void 0)))
1656668566457	Marionette	INFO	Listening on port 38283
DevTools listening on ws://localhost:59663/devtools/browser/6351d3d8-1b26-48c4-a333-67c918081224
Read port: 38283
1656668566602	RemoteAgent	WARN	TLS certificate errors will be ignored for this session
JavaScript error: resource:///actors/FormValidationChild.jsm, line 184: TypeError: this._element is null
JavaScript error: https://media.ethicalads.io/media/client/v1.4.0/ethicalads.min.js, line 1: Error: No ad placements found.
Exiting due to channel error.
Exiting due to channel error.
Exiting due to channel error.
1656668674228	geckodriver	INFO	Listening on 127.0.0.1:39449
1656668674290	mozrunner::runner	INFO	Running command: "/usr/bin/firefox" "--marionette" "--headless" "--remote-debugging-port" "46831" "--remote-allow-hosts" "localhost" "-no-remote" "-profile" "/tmp/rust_mozprofilepNSbQd"
*** You are running in headless mode.
1656668674551	Marionette	INFO	Marionette enabled
WebDriver BiDi listening on ws://localhost:46831
[GFX1-]: RenderCompositorSWGL failed mapping default framebuffer, no dt
console.warn: SearchSettings: "get: No settings file exists, new profile?" (new NotFoundError("Could not open the file at /tmp/rust_mozprofilepNSbQd/search.json.mozlz4", (void 0)))
1656668675877	Marionette	INFO	Listening on port 46593
Read port: 46593
1656668675953	RemoteAgent	WARN	TLS certificate errors will be ignored for this session
DevTools listening on ws://localhost:46831/devtools/browser/31c9c6c5-7758-4ac9-9286-1384051caeed
1656670645453	geckodriver	INFO	Listening on 127.0.0.1:49503
1656670646008	mozrunner::runner	INFO	Running command: "/usr/bin/firefox" "--marionette" "--headless" "--remote-debugging-port" "39147" "--remote-allow-hosts" "localhost" "-no-remote" "-profile" "/tmp/rust_mozprofilea1sRBC"
*** You are running in headless mode.
1656670646345	Marionette	INFO	Marionette enabled
WebDriver BiDi listening on ws://localhost:39147
[GFX1-]: RenderCompositorSWGL failed mapping default framebuffer, no dt
console.warn: SearchSettings: "get: No settings file exists, new profile?" (new NotFoundError("Could not open the file at /tmp/rust_mozprofilea1sRBC/search.json.mozlz4", (void 0)))
1656670647532	Marionette	INFO	Listening on port 39609
DevTools listening on ws://localhost:39147/devtools/browser/a6967837-ff37-4280-8358-ba5b786ca2f1
Read port: 39609
1656670647621	RemoteAgent	WARN	TLS certificate errors will be ignored for this session
1656670685947	geckodriver	INFO	Listening on 127.0.0.1:58163
1656670686005	mozrunner::runner	INFO	Running command: "/usr/bin/firefox" "--marionette" "--headless" "--remote-debugging-port" "59687" "--remote-allow-hosts" "localhost" "-no-remote" "-profile" "/tmp/rust_mozprofileSnq1C2"
*** You are running in headless mode.
1656670686276	Marionette	INFO	Marionette enabled
WebDriver BiDi listening on ws://localhost:59687
[GFX1-]: RenderCompositorSWGL failed mapping default framebuffer, no dt
console.warn: SearchSettings: "get: No settings file exists, new profile?" (new NotFoundError("Could not open the file at /tmp/rust_mozprofileSnq1C2/search.json.mozlz4", (void 0)))
1656670687656	Marionette	INFO	Listening on port 37723
DevTools listening on ws://localhost:59687/devtools/browser/84022c41-450a-4cf2-9de7-1504904d6567
Read port: 37723
1656670687724	RemoteAgent	WARN	TLS certificate errors will be ignored for this session
1656670972965	geckodriver	INFO	Listening on 127.0.0.1:49921
1656670973583	mozrunner::runner	INFO	Running command: "/usr/bin/firefox" "--marionette" "--headless" "--remote-debugging-port" "47021" "--remote-allow-hosts" "localhost" "-no-remote" "-profile" "/tmp/rust_mozprofileTOv0UH"
*** You are running in headless mode.
1656670974045	Marionette	INFO	Marionette enabled
WebDriver BiDi listening on ws://localhost:47021
[GFX1-]: RenderCompositorSWGL failed mapping default framebuffer, no dt
console.warn: SearchSettings: "get: No settings file exists, new profile?" (new NotFoundError("Could not open the file at /tmp/rust_mozprofileTOv0UH/search.json.mozlz4", (void 0)))
1656670975221	Marionette	INFO	Listening on port 34073
DevTools listening on ws://localhost:47021/devtools/browser/9eaeb47a-bf02-47eb-9219-12aa0a271945
Read port: 34073
1656670975299	RemoteAgent	WARN	TLS certificate errors will be ignored for this session
Exiting due to channel error.
Exiting due to channel error.
Exiting due to channel error.
1656674637187	geckodriver	INFO	Listening on 127.0.0.1:60485
1656674637748	mozrunner::runner	INFO	Running command: "/usr/bin/firefox" "--marionette" "--headless" "--remote-debugging-port" "53381" "--remote-allow-hosts" "localhost" "-no-remote" "-profile" "/tmp/rust_mozprofile1E6X6M"
*** You are running in headless mode.
1656674638031	Marionette	INFO	Marionette enabled
WebDriver BiDi listening on ws://localhost:53381
[GFX1-]: RenderCompositorSWGL failed mapping default framebuffer, no dt
console.warn: SearchSettings: "get: No settings file exists, new profile?" (new NotFoundError("Could not open the file at /tmp/rust_mozprofile1E6X6M/search.json.mozlz4", (void 0)))
1656674638729	Marionette	INFO	Listening on port 35073
DevTools listening on ws://localhost:53381/devtools/browser/b62cd63c-065f-45f6-af27-c2bb6d6b97b6
Read port: 35073
1656674638761	RemoteAgent	WARN	TLS certificate errors will be ignored for this session
Exiting due to channel error.
Exiting due to channel error.
[GFX1-]: Receive IPC close with reason=AbnormalShutdown
Exiting due to channel error.
1656674688753	geckodriver	INFO	Listening on 127.0.0.1:36587
1656674688804	mozrunner::runner	INFO	Running command: "/usr/bin/firefox" "--marionette" "--headless" "--remote-debugging-port" "58491" "--remote-allow-hosts" "localhost" "-no-remote" "-profile" "/tmp/rust_mozprofileNpcy7E"
*** You are running in headless mode.
1656674689050	Marionette	INFO	Marionette enabled
WebDriver BiDi listening on ws://localhost:58491
[GFX1-]: RenderCompositorSWGL failed mapping default framebuffer, no dt
console.warn: SearchSettings: "get: No settings file exists, new profile?" (new NotFoundError("Could not open the file at /tmp/rust_mozprofileNpcy7E/search.json.mozlz4", (void 0)))
1656674689967	Marionette	INFO	Listening on port 40283
DevTools listening on ws://localhost:58491/devtools/browser/a735ec3c-4d33-4ac7-ae2e-60c7204e17f9
Read port: 40283
1656674690015	RemoteAgent	WARN	TLS certificate errors will be ignored for this session
1656674708267	Marionette	WARN	Ignoring event 'pageshow' because document has an invalid readyState of 'interactive'.
Exiting due to channel error.
Exiting due to channel error.
Exiting due to channel error.
1656674783146	geckodriver	INFO	Listening on 127.0.0.1:53809
1656674783185	mozrunner::runner	INFO	Running command: "/usr/bin/firefox" "--marionette" "--headless" "--remote-debugging-port" "42943" "--remote-allow-hosts" "localhost" "-no-remote" "-profile" "/tmp/rust_mozprofileMoDYF9"
*** You are running in headless mode.
1656674783400	Marionette	INFO	Marionette enabled
WebDriver BiDi listening on ws://localhost:42943
[GFX1-]: RenderCompositorSWGL failed mapping default framebuffer, no dt
console.warn: SearchSettings: "get: No settings file exists, new profile?" (new NotFoundError("Could not open the file at /tmp/rust_mozprofileMoDYF9/search.json.mozlz4", (void 0)))
1656674784276	Marionette	INFO	Listening on port 45041
Read port: 45041
1656674784298	RemoteAgent	WARN	TLS certificate errors will be ignored for this session
DevTools listening on ws://localhost:42943/devtools/browser/47bd916a-a333-4387-9968-d4e8e5f911e5
1656674794902	Marionette	WARN	Ignoring event 'pageshow' because document has an invalid readyState of 'interactive'.
Exiting due to channel error.
Exiting due to channel error.
Exiting due to channel error.
1656674831493	geckodriver	INFO	Listening on 127.0.0.1:55889
1656674831541	mozrunner::runner	INFO	Running command: "/usr/bin/firefox" "--marionette" "--headless" "--remote-debugging-port" "43651" "--remote-allow-hosts" "localhost" "-no-remote" "-profile" "/tmp/rust_mozprofileGg73x2"
*** You are running in headless mode.
1656674831835	Marionette	INFO	Marionette enabled
WebDriver BiDi listening on ws://localhost:43651
[GFX1-]: RenderCompositorSWGL failed mapping default framebuffer, no dt
console.warn: SearchSettings: "get: No settings file exists, new profile?" (new NotFoundError("Could not open the file at /tmp/rust_mozprofileGg73x2/search.json.mozlz4", (void 0)))
1656674832720	Marionette	INFO	Listening on port 33213
DevTools listening on ws://localhost:43651/devtools/browser/d5bfe2a8-d865-459c-9d0e-0d0bc392ccde
Read port: 33213
1656674832757	RemoteAgent	WARN	TLS certificate errors will be ignored for this session
1656674836031	Marionette	WARN	Ignoring event 'pageshow' because document has an invalid readyState of 'interactive'.
1656674840969	Marionette	WARN	Ignoring event 'pageshow' because document has an invalid readyState of 'interactive'.
Exiting due to channel error.
Exiting due to channel error.
Exiting due to channel error.
1656674864688	geckodriver	INFO	Listening on 127.0.0.1:38023
1656674864728	mozrunner::runner	INFO	Running command: "/usr/bin/firefox" "--marionette" "--headless" "--remote-debugging-port" "60993" "--remote-allow-hosts" "localhost" "-no-remote" "-profile" "/tmp/rust_mozprofile3NuWtf"
*** You are running in headless mode.
1656674864934	Marionette	INFO	Marionette enabled
WebDriver BiDi listening on ws://localhost:60993
[GFX1-]: RenderCompositorSWGL failed mapping default framebuffer, no dt
console.warn: SearchSettings: "get: No settings file exists, new profile?" (new NotFoundError("Could not open the file at /tmp/rust_mozprofile3NuWtf/search.json.mozlz4", (void 0)))
1656674865616	Marionette	INFO	Listening on port 34695
DevTools listening on ws://localhost:60993/devtools/browser/cd003450-8f03-4e9a-991a-b31d05c86715
Read port: 34695
1656674865639	RemoteAgent	WARN	TLS certificate errors will be ignored for this session
Exiting due to channel error.
Exiting due to channel error.
Exiting due to channel error.
1656674909990	geckodriver	INFO	Listening on 127.0.0.1:55585
1656674910031	mozrunner::runner	INFO	Running command: "/usr/bin/firefox" "--marionette" "--headless" "--remote-debugging-port" "47105" "--remote-allow-hosts" "localhost" "-no-remote" "-profile" "/tmp/rust_mozprofileb1GgMc"
*** You are running in headless mode.
1656674910294	Marionette	INFO	Marionette enabled
WebDriver BiDi listening on ws://localhost:47105
[GFX1-]: RenderCompositorSWGL failed mapping default framebuffer, no dt
console.warn: SearchSettings: "get: No settings file exists, new profile?" (new NotFoundError("Could not open the file at /tmp/rust_mozprofileb1GgMc/search.json.mozlz4", (void 0)))
1656674911149	Marionette	INFO	Listening on port 32961
DevTools listening on ws://localhost:47105/devtools/browser/87d8ff95-ec97-449d-98ea-d79fc8013cc7
Read port: 32961
1656674911242	RemoteAgent	WARN	TLS certificate errors will be ignored for this session
1656674921244	Marionette	WARN	Ignoring event 'pageshow' because document has an invalid readyState of 'interactive'.
Exiting due to channel error.
Exiting due to channel error.
Exiting due to channel error.
1656675038085	geckodriver	INFO	Listening on 127.0.0.1:49621
1656675038139	mozrunner::runner	INFO	Running command: "/usr/bin/firefox" "--marionette" "--headless" "--remote-debugging-port" "38603" "--remote-allow-hosts" "localhost" "-no-remote" "-profile" "/tmp/rust_mozprofilea8Qpfj"
*** You are running in headless mode.
1656675038392	Marionette	INFO	Marionette enabled
WebDriver BiDi listening on ws://localhost:38603
[GFX1-]: RenderCompositorSWGL failed mapping default framebuffer, no dt
console.warn: SearchSettings: "get: No settings file exists, new profile?" (new NotFoundError("Could not open the file at /tmp/rust_mozprofilea8Qpfj/search.json.mozlz4", (void 0)))
1656675039286	Marionette	INFO	Listening on port 34625
DevTools listening on ws://localhost:38603/devtools/browser/be19e816-a603-4a63-8a4c-73784203eea9
Read port: 34625
1656675039362	RemoteAgent	WARN	TLS certificate errors will be ignored for this session
Exiting due to channel error.
Exiting due to channel error.
Exiting due to channel error.
1656675111826	geckodriver	INFO	Listening on 127.0.0.1:52549
1656675111873	mozrunner::runner	INFO	Running command: "/usr/bin/firefox" "--marionette" "--headless" "--remote-debugging-port" "58261" "--remote-allow-hosts" "localhost" "-no-remote" "-profile" "/tmp/rust_mozprofile8V2cuR"
*** You are running in headless mode.
1656675112089	Marionette	INFO	Marionette enabled
WebDriver BiDi listening on ws://localhost:58261
[GFX1-]: RenderCompositorSWGL failed mapping default framebuffer, no dt
console.warn: SearchSettings: "get: No settings file exists, new profile?" (new NotFoundError("Could not open the file at /tmp/rust_mozprofile8V2cuR/search.json.mozlz4", (void 0)))
1656675112943	Marionette	INFO	Listening on port 33283
DevTools listening on ws://localhost:58261/devtools/browser/77867221-3fe7-46ee-96c9-a751302e3ed3
Read port: 33283
1656675112987	RemoteAgent	WARN	TLS certificate errors will be ignored for this session
Exiting due to channel error.
Exiting due to channel error.
Exiting due to channel error.
1656675407266	geckodriver	INFO	Listening on 127.0.0.1:40821
1656675407320	mozrunner::runner	INFO	Running command: "/usr/bin/firefox" "--marionette" "--headless" "--remote-debugging-port" "36043" "--remote-allow-hosts" "localhost" "-no-remote" "-profile" "/tmp/rust_mozprofile7KJwnu"
*** You are running in headless mode.
1656675407598	Marionette	INFO	Marionette enabled
WebDriver BiDi listening on ws://localhost:36043
[GFX1-]: RenderCompositorSWGL failed mapping default framebuffer, no dt
console.warn: SearchSettings: "get: No settings file exists, new profile?" (new NotFoundError("Could not open the file at /tmp/rust_mozprofile7KJwnu/search.json.mozlz4", (void 0)))
1656675408367	Marionette	INFO	Listening on port 46505
DevTools listening on ws://localhost:36043/devtools/browser/4fa9ced8-538b-42a5-8fb3-04a059c6efaa
Read port: 46505
1656675408443	RemoteAgent	WARN	TLS certificate errors will be ignored for this session
console.error: Region.jsm: "Error fetching region" (new Error("TIMEOUT", "resource://gre/modules/Region.jsm", 767))
console.error: Region.jsm: "Failed to fetch region" (new Error("TIMEOUT", "resource://gre/modules/Region.jsm", 419))
Exiting due to channel error.
[GFX1-]: Receive IPC close with reason=AbnormalShutdown
Exiting due to channel error.
Exiting due to channel error.
1656675550450	geckodriver	INFO	Listening on 127.0.0.1:38369
1656675550489	mozrunner::runner	INFO	Running command: "/usr/bin/firefox" "--marionette" "--headless" "--remote-debugging-port" "46699" "--remote-allow-hosts" "localhost" "-no-remote" "-profile" "/tmp/rust_mozprofile0X6Z1d"
*** You are running in headless mode.
1656675550739	Marionette	INFO	Marionette enabled
WebDriver BiDi listening on ws://localhost:46699
[GFX1-]: RenderCompositorSWGL failed mapping default framebuffer, no dt
console.warn: SearchSettings: "get: No settings file exists, new profile?" (new NotFoundError("Could not open the file at /tmp/rust_mozprofile0X6Z1d/search.json.mozlz4", (void 0)))
1656675551487	Marionette	INFO	Listening on port 41731
Read port: 41731
1656675551501	RemoteAgent	WARN	TLS certificate errors will be ignored for this session
DevTools listening on ws://localhost:46699/devtools/browser/ffdef9ca-a79d-4d0e-b57d-43dd2abc5657
Exiting due to channel error.
Exiting due to channel error.
Exiting due to channel error.
1656675669714	geckodriver	INFO	Listening on 127.0.0.1:59349
1656675669758	mozrunner::runner	INFO	Running command: "/usr/bin/firefox" "--marionette" "--headless" "--remote-debugging-port" "43039" "--remote-allow-hosts" "localhost" "-no-remote" "-profile" "/tmp/rust_mozprofile2SSxNX"
*** You are running in headless mode.
1656675670034	Marionette	INFO	Marionette enabled
WebDriver BiDi listening on ws://localhost:43039
[GFX1-]: RenderCompositorSWGL failed mapping default framebuffer, no dt
console.warn: SearchSettings: "get: No settings file exists, new profile?" (new NotFoundError("Could not open the file at /tmp/rust_mozprofile2SSxNX/search.json.mozlz4", (void 0)))
1656675670882	Marionette	INFO	Listening on port 43389
DevTools listening on ws://localhost:43039/devtools/browser/d2d5233a-17b4-4a3c-8be0-4f2d8748f335
Read port: 43389
1656675670970	RemoteAgent	WARN	TLS certificate errors will be ignored for this session
Exiting due to channel error.
Exiting due to channel error.
Exiting due to channel error.
1656675999445	geckodriver	INFO	Listening on 127.0.0.1:56913
1656675999495	mozrunner::runner	INFO	Running command: "/usr/bin/firefox" "--marionette" "--headless" "--remote-debugging-port" "34855" "--remote-allow-hosts" "localhost" "-no-remote" "-profile" "/tmp/rust_mozprofileoZ24nE"
*** You are running in headless mode.
1656675999763	Marionette	INFO	Marionette enabled
WebDriver BiDi listening on ws://localhost:34855
[GFX1-]: RenderCompositorSWGL failed mapping default framebuffer, no dt
console.warn: SearchSettings: "get: No settings file exists, new profile?" (new NotFoundError("Could not open the file at /tmp/rust_mozprofileoZ24nE/search.json.mozlz4", (void 0)))
1656676000612	Marionette	INFO	Listening on port 43497
DevTools listening on ws://localhost:34855/devtools/browser/bc2224a3-96e5-42e7-93e3-e0a8790b84c8
Read port: 43497
1656676000706	RemoteAgent	WARN	TLS certificate errors will be ignored for this session
Exiting due to channel error.
Exiting due to channel error.
[GFX1-]: Receive IPC close with reason=AbnormalShutdown
Exiting due to channel error.
1656676015054	geckodriver	INFO	Listening on 127.0.0.1:38109
1656676015098	mozrunner::runner	INFO	Running command: "/usr/bin/firefox" "--marionette" "--headless" "--remote-debugging-port" "56789" "--remote-allow-hosts" "localhost" "-no-remote" "-profile" "/tmp/rust_mozprofilel8yj1P"
*** You are running in headless mode.
1656676015319	Marionette	INFO	Marionette enabled
WebDriver BiDi listening on ws://localhost:56789
[GFX1-]: RenderCompositorSWGL failed mapping default framebuffer, no dt
console.warn: SearchSettings: "get: No settings file exists, new profile?" (new NotFoundError("Could not open the file at /tmp/rust_mozprofilel8yj1P/search.json.mozlz4", (void 0)))
1656676016129	Marionette	INFO	Listening on port 40917
DevTools listening on ws://localhost:56789/devtools/browser/dcdffdcc-4a23-46e4-8a5a-4aae5a25c8d6
Read port: 40917
1656676016226	RemoteAgent	WARN	TLS certificate errors will be ignored for this session
console.error: Region.jsm: "Error fetching region" (new Error("TIMEOUT", "resource://gre/modules/Region.jsm", 767))
console.error: Region.jsm: "Failed to fetch region" (new Error("TIMEOUT", "resource://gre/modules/Region.jsm", 419))
Exiting due to channel error.
Exiting due to channel error.
Exiting due to channel error.
1656676132178	geckodriver	INFO	Listening on 127.0.0.1:47875
1656676132226	mozrunner::runner	INFO	Running command: "/usr/bin/firefox" "--marionette" "--headless" "--remote-debugging-port" "40865" "--remote-allow-hosts" "localhost" "-no-remote" "-profile" "/tmp/rust_mozprofilePDMjmS"
*** You are running in headless mode.
1656676132452	Marionette	INFO	Marionette enabled
WebDriver BiDi listening on ws://localhost:40865
[GFX1-]: RenderCompositorSWGL failed mapping default framebuffer, no dt
console.warn: SearchSettings: "get: No settings file exists, new profile?" (new NotFoundError("Could not open the file at /tmp/rust_mozprofilePDMjmS/search.json.mozlz4", (void 0)))
1656676133168	Marionette	INFO	Listening on port 38287
DevTools listening on ws://localhost:40865/devtools/browser/e82bfdf2-25d1-4521-94c3-91d197a0d2a5
Read port: 38287
1656676133259	RemoteAgent	WARN	TLS certificate errors will be ignored for this session
Exiting due to channel error.
Exiting due to channel error.
Exiting due to channel error.
1656676316174	geckodriver	INFO	Listening on 127.0.0.1:46641
1656676316221	mozrunner::runner	INFO	Running command: "/usr/bin/firefox" "--marionette" "--headless" "--remote-debugging-port" "45681" "--remote-allow-hosts" "localhost" "-no-remote" "-profile" "/tmp/rust_mozprofilecLloCu"
*** You are running in headless mode.
1656676316508	Marionette	INFO	Marionette enabled
WebDriver BiDi listening on ws://localhost:45681
[GFX1-]: RenderCompositorSWGL failed mapping default framebuffer, no dt
console.warn: SearchSettings: "get: No settings file exists, new profile?" (new NotFoundError("Could not open the file at /tmp/rust_mozprofilecLloCu/search.json.mozlz4", (void 0)))
1656676317280	Marionette	INFO	Listening on port 46719
DevTools listening on ws://localhost:45681/devtools/browser/6b214c3b-d668-42f8-90cd-ef3a61a52913
Read port: 46719
1656676317344	RemoteAgent	WARN	TLS certificate errors will be ignored for this session
1656676326188	Marionette	WARN	Ignoring event 'pageshow' because document has an invalid readyState of 'interactive'.
Exiting due to channel error.
Exiting due to channel error.
Exiting due to channel error.
1656676439235	geckodriver	INFO	Listening on 127.0.0.1:45819
1656676439277	mozrunner::runner	INFO	Running command: "/usr/bin/firefox" "--marionette" "--headless" "--remote-debugging-port" "47507" "--remote-allow-hosts" "localhost" "-no-remote" "-profile" "/tmp/rust_mozprofileiwYmTm"
*** You are running in headless mode.
1656676439515	Marionette	INFO	Marionette enabled
WebDriver BiDi listening on ws://localhost:47507
[GFX1-]: RenderCompositorSWGL failed mapping default framebuffer, no dt
console.warn: SearchSettings: "get: No settings file exists, new profile?" (new NotFoundError("Could not open the file at /tmp/rust_mozprofileiwYmTm/search.json.mozlz4", (void 0)))
1656676440380	Marionette	INFO	Listening on port 36261
DevTools listening on ws://localhost:47507/devtools/browser/400981d4-8dc5-4965-9113-c74a2db9f82a
Read port: 36261
1656676440499	RemoteAgent	WARN	TLS certificate errors will be ignored for this session
1656676458705	geckodriver	INFO	Listening on 127.0.0.1:54265
1656676458749	mozrunner::runner	INFO	Running command: "/usr/bin/firefox" "--marionette" "--headless" "--remote-debugging-port" "58307" "--remote-allow-hosts" "localhost" "-no-remote" "-profile" "/tmp/rust_mozprofilesLkEnr"
*** You are running in headless mode.
1656676459017	Marionette	INFO	Marionette enabled
WebDriver BiDi listening on ws://localhost:58307
[GFX1-]: RenderCompositorSWGL failed mapping default framebuffer, no dt
console.warn: SearchSettings: "get: No settings file exists, new profile?" (new NotFoundError("Could not open the file at /tmp/rust_mozprofilesLkEnr/search.json.mozlz4", (void 0)))
1656676459775	Marionette	INFO	Listening on port 40659
DevTools listening on ws://localhost:58307/devtools/browser/bd2b1f0c-94a3-471a-bc37-74c81d283832
Read port: 40659
1656676459864	RemoteAgent	WARN	TLS certificate errors will be ignored for this session
1656676478780	Marionette	WARN	Ignoring event 'pageshow' because document has an invalid readyState of 'interactive'.
Exiting due to channel error.
Exiting due to channel error.
Exiting due to channel error.
1656676656379	geckodriver	INFO	Listening on 127.0.0.1:40803
1656676656421	mozrunner::runner	INFO	Running command: "/usr/bin/firefox" "--marionette" "--headless" "--remote-debugging-port" "34715" "--remote-allow-hosts" "localhost" "-no-remote" "-profile" "/tmp/rust_mozprofileg9hQFD"
*** You are running in headless mode.
1656676656660	Marionette	INFO	Marionette enabled
WebDriver BiDi listening on ws://localhost:34715
[GFX1-]: RenderCompositorSWGL failed mapping default framebuffer, no dt
console.warn: SearchSettings: "get: No settings file exists, new profile?" (new NotFoundError("Could not open the file at /tmp/rust_mozprofileg9hQFD/search.json.mozlz4", (void 0)))
1656676657588	Marionette	INFO	Listening on port 41947
DevTools listening on ws://localhost:34715/devtools/browser/050279ee-3e4e-40e8-affb-f5e6394e0147
Read port: 41947
1656676657637	RemoteAgent	WARN	TLS certificate errors will be ignored for this session
1656676666243	Marionette	WARN	Ignoring event 'pageshow' because document has an invalid readyState of 'interactive'.
Exiting due to channel error.
Exiting due to channel error.
Exiting due to channel error.
1656676725247	geckodriver	INFO	Listening on 127.0.0.1:33387
1656676725313	mozrunner::runner	INFO	Running command: "/usr/bin/firefox" "--marionette" "--headless" "--remote-debugging-port" "46577" "--remote-allow-hosts" "localhost" "-no-remote" "-profile" "/tmp/rust_mozprofileFnQcpZ"
*** You are running in headless mode.
1656676725608	Marionette	INFO	Marionette enabled
WebDriver BiDi listening on ws://localhost:46577
[GFX1-]: RenderCompositorSWGL failed mapping default framebuffer, no dt
console.warn: SearchSettings: "get: No settings file exists, new profile?" (new NotFoundError("Could not open the file at /tmp/rust_mozprofileFnQcpZ/search.json.mozlz4", (void 0)))
1656676726413	Marionette	INFO	Listening on port 44073
Read port: 44073
DevTools listening on ws://localhost:46577/devtools/browser/0746025e-1c3d-48fb-9218-f69c1fc318be
1656676726431	RemoteAgent	WARN	TLS certificate errors will be ignored for this session
1656676734127	geckodriver	INFO	Listening on 127.0.0.1:47007
1656676734170	mozrunner::runner	INFO	Running command: "/usr/bin/firefox" "--marionette" "--headless" "--remote-debugging-port" "37837" "--remote-allow-hosts" "localhost" "-no-remote" "-profile" "/tmp/rust_mozprofilePjBMhf"
*** You are running in headless mode.
1656676734424	Marionette	INFO	Marionette enabled
WebDriver BiDi listening on ws://localhost:37837
[GFX1-]: RenderCompositorSWGL failed mapping default framebuffer, no dt
console.warn: SearchSettings: "get: No settings file exists, new profile?" (new NotFoundError("Could not open the file at /tmp/rust_mozprofilePjBMhf/search.json.mozlz4", (void 0)))
1656676735285	Marionette	INFO	Listening on port 45467
DevTools listening on ws://localhost:37837/devtools/browser/2aebb56e-78d5-4635-9f7d-7d9550f22f65
Read port: 45467
1656676735385	RemoteAgent	WARN	TLS certificate errors will be ignored for this session
