1656676758960	geckodriver	INFO	Listening on 127.0.0.1:48183
1656676759009	mozrunner::runner	INFO	Running command: "/usr/bin/firefox" "--marionette" "--headless" "--remote-debugging-port" "35757" "--remote-allow-hosts" "localhost" "-no-remote" "-profile" "/tmp/rust_mozprofilePUuyVA"
*** You are running in headless mode.
1656676759280	Marionette	INFO	Marionette enabled
WebDriver BiDi listening on ws://localhost:35757
[GFX1-]: RenderCompositorSWGL failed mapping default framebuffer, no dt
console.warn: SearchSettings: "get: No settings file exists, new profile?" (new NotFoundError("Could not open the file at /tmp/rust_mozprofilePUuyVA/search.json.mozlz4", (void 0)))
1656676760178	Marionette	INFO	Listening on port 35447
DevTools listening on ws://localhost:35757/devtools/browser/bbc58b03-34b7-4ad4-8b29-ad4acd624818
Read port: 35447
1656676760225	RemoteAgent	WARN	TLS certificate errors will be ignored for this session
1656676788927	geckodriver	INFO	Listening on 127.0.0.1:54105
1656676788969	mozrunner::runner	INFO	Running command: "/usr/bin/firefox" "--marionette" "--headless" "--remote-debugging-port" "50531" "--remote-allow-hosts" "localhost" "-no-remote" "-profile" "/tmp/rust_mozprofilemKw0h9"
*** You are running in headless mode.
1656676789229	Marionette	INFO	Marionette enabled
WebDriver BiDi listening on ws://localhost:50531
[GFX1-]: RenderCompositorSWGL failed mapping default framebuffer, no dt
console.warn: SearchSettings: "get: No settings file exists, new profile?" (new NotFoundError("Could not open the file at /tmp/rust_mozprofilemKw0h9/search.json.mozlz4", (void 0)))
1656676790100	Marionette	INFO	Listening on port 41121
DevTools listening on ws://localhost:50531/devtools/browser/13c6632d-8de6-4e5a-82c6-5e558784781b
Read port: 41121
1656676790182	RemoteAgent	WARN	TLS certificate errors will be ignored for this session
1656676806680	geckodriver	INFO	Listening on 127.0.0.1:39171
1656676806732	mozrunner::runner	INFO	Running command: "/usr/bin/firefox" "--marionette" "--headless" "--remote-debugging-port" "56315" "--remote-allow-hosts" "localhost" "-no-remote" "-profile" "/tmp/rust_mozprofileRuSTwP"
*** You are running in headless mode.
1656676807003	Marionette	INFO	Marionette enabled
WebDriver BiDi listening on ws://localhost:56315
[GFX1-]: RenderCompositorSWGL failed mapping default framebuffer, no dt
console.warn: SearchSettings: "get: No settings file exists, new profile?" (new NotFoundError("Could not open the file at /tmp/rust_mozprofileRuSTwP/search.json.mozlz4", (void 0)))
1656676807826	Marionette	INFO	Listening on port 39015
Read port: 39015
1656676807843	RemoteAgent	WARN	TLS certificate errors will be ignored for this session
DevTools listening on ws://localhost:56315/devtools/browser/27713eac-a809-4be2-8b0d-503e3217388f
1656676839393	Marionette	WARN	Ignoring event 'pageshow' because document has an invalid readyState of 'interactive'.
Exiting due to channel error.
Exiting due to channel error.
Exiting due to channel error.
1656676869120	geckodriver	INFO	Listening on 127.0.0.1:47969
1656676869170	mozrunner::runner	INFO	Running command: "/usr/bin/firefox" "--marionette" "--headless" "--remote-debugging-port" "35129" "--remote-allow-hosts" "localhost" "-no-remote" "-profile" "/tmp/rust_mozprofileJnuULU"
*** You are running in headless mode.
1656676869468	Marionette	INFO	Marionette enabled
WebDriver BiDi listening on ws://localhost:35129
[GFX1-]: RenderCompositorSWGL failed mapping default framebuffer, no dt
console.warn: SearchSettings: "get: No settings file exists, new profile?" (new NotFoundError("Could not open the file at /tmp/rust_mozprofileJnuULU/search.json.mozlz4", (void 0)))
1656676870315	Marionette	INFO	Listening on port 39675
DevTools listening on ws://localhost:35129/devtools/browser/212f91b4-e431-44a5-9e69-406e39aee6ee
Read port: 39675
1656676870391	RemoteAgent	WARN	TLS certificate errors will be ignored for this session
Exiting due to channel error.
Exiting due to channel error.
Exiting due to channel error.
1656677039069	geckodriver	INFO	Listening on 127.0.0.1:37305
1656677039117	mozrunner::runner	INFO	Running command: "/usr/bin/firefox" "--marionette" "--headless" "--remote-debugging-port" "36115" "--remote-allow-hosts" "localhost" "-no-remote" "-profile" "/tmp/rust_mozprofileP2PSRk"
*** You are running in headless mode.
1656677039374	Marionette	INFO	Marionette enabled
WebDriver BiDi listening on ws://localhost:36115
[GFX1-]: RenderCompositorSWGL failed mapping default framebuffer, no dt
console.warn: SearchSettings: "get: No settings file exists, new profile?" (new NotFoundError("Could not open the file at /tmp/rust_mozprofileP2PSRk/search.json.mozlz4", (void 0)))
1656677040251	Marionette	INFO	Listening on port 34691
DevTools listening on ws://localhost:36115/devtools/browser/469bebc1-1021-421a-a8c1-00d4ed3a0fb3
Read port: 34691
1656677040341	RemoteAgent	WARN	TLS certificate errors will be ignored for this session
Exiting due to channel error.
Exiting due to channel error.
Exiting due to channel error.
1656677129436	geckodriver	INFO	Listening on 127.0.0.1:55509
1656677129486	mozrunner::runner	INFO	Running command: "/usr/bin/firefox" "--marionette" "--headless" "--remote-debugging-port" "51309" "--remote-allow-hosts" "localhost" "-no-remote" "-profile" "/tmp/rust_mozprofileBQ3YTq"
*** You are running in headless mode.
1656677129785	Marionette	INFO	Marionette enabled
WebDriver BiDi listening on ws://localhost:51309
[GFX1-]: RenderCompositorSWGL failed mapping default framebuffer, no dt
console.warn: SearchSettings: "get: No settings file exists, new profile?" (new NotFoundError("Could not open the file at /tmp/rust_mozprofileBQ3YTq/search.json.mozlz4", (void 0)))
1656677130815	Marionette	INFO	Listening on port 38261
DevTools listening on ws://localhost:51309/devtools/browser/f04b6aa9-0b33-4e97-9d86-c4c992d2ffee
Read port: 38261
1656677130901	RemoteAgent	WARN	TLS certificate errors will be ignored for this session
1656677152285	Marionette	WARN	Ignoring event 'pageshow' because document has an invalid readyState of 'interactive'.
Exiting due to channel error.
Exiting due to channel error.
Exiting due to channel error.
1656677189808	geckodriver	INFO	Listening on 127.0.0.1:51125
1656677189854	mozrunner::runner	INFO	Running command: "/usr/bin/firefox" "--marionette" "--headless" "--remote-debugging-port" "51619" "--remote-allow-hosts" "localhost" "-no-remote" "-profile" "/tmp/rust_mozprofileG5aCNs"
*** You are running in headless mode.
1656677190184	Marionette	INFO	Marionette enabled
WebDriver BiDi listening on ws://localhost:51619
[GFX1-]: RenderCompositorSWGL failed mapping default framebuffer, no dt
console.warn: SearchSettings: "get: No settings file exists, new profile?" (new NotFoundError("Could not open the file at /tmp/rust_mozprofileG5aCNs/search.json.mozlz4", (void 0)))
1656677191105	Marionette	INFO	Listening on port 38229
DevTools listening on ws://localhost:51619/devtools/browser/e9947725-a631-4e5d-87ab-4fcbaabe4f78
Read port: 38229
1656677191180	RemoteAgent	WARN	TLS certificate errors will be ignored for this session
Exiting due to channel error.
Exiting due to channel error.
Exiting due to channel error.
1656677242016	geckodriver	INFO	Listening on 127.0.0.1:59171
1656677242063	mozrunner::runner	INFO	Running command: "/usr/bin/firefox" "--marionette" "--headless" "--remote-debugging-port" "37441" "--remote-allow-hosts" "localhost" "-no-remote" "-profile" "/tmp/rust_mozprofilersKiMM"
*** You are running in headless mode.
1656677242287	Marionette	INFO	Marionette enabled
WebDriver BiDi listening on ws://localhost:37441
[GFX1-]: RenderCompositorSWGL failed mapping default framebuffer, no dt
console.warn: SearchSettings: "get: No settings file exists, new profile?" (new NotFoundError("Could not open the file at /tmp/rust_mozprofilersKiMM/search.json.mozlz4", (void 0)))
1656677243218	Marionette	INFO	Listening on port 34335
DevTools listening on ws://localhost:37441/devtools/browser/dde48ec4-db2c-4091-813e-20b77ec38303
Read port: 34335
1656677243277	RemoteAgent	WARN	TLS certificate errors will be ignored for this session
Exiting due to channel error.
Exiting due to channel error.
Exiting due to channel error.
1656677289104	geckodriver	INFO	Listening on 127.0.0.1:33309
1656677289157	mozrunner::runner	INFO	Running command: "/usr/bin/firefox" "--marionette" "--headless" "--remote-debugging-port" "51211" "--remote-allow-hosts" "localhost" "-no-remote" "-profile" "/tmp/rust_mozprofileY4nRBR"
*** You are running in headless mode.
1656677289415	Marionette	INFO	Marionette enabled
WebDriver BiDi listening on ws://localhost:51211
[GFX1-]: RenderCompositorSWGL failed mapping default framebuffer, no dt
console.warn: SearchSettings: "get: No settings file exists, new profile?" (new NotFoundError("Could not open the file at /tmp/rust_mozprofileY4nRBR/search.json.mozlz4", (void 0)))
1656677290352	Marionette	INFO	Listening on port 36313
Read port: 36313
1656677290371	RemoteAgent	WARN	TLS certificate errors will be ignored for this session
DevTools listening on ws://localhost:51211/devtools/browser/6e873f4b-73ee-4815-8058-d188f6ef02f0
1656677296678	Marionette	WARN	Ignoring event 'pageshow' because document has an invalid readyState of 'interactive'.
1656677328439	Marionette	WARN	Ignoring event 'pageshow' because document has an invalid readyState of 'interactive'.
1656677331931	Marionette	WARN	Ignoring event 'pageshow' because document has an invalid readyState of 'interactive'.
Exiting due to channel error.
Exiting due to channel error.
Exiting due to channel error.
1656677575898	geckodriver	INFO	Listening on 127.0.0.1:49255
1656677575941	mozrunner::runner	INFO	Running command: "/usr/bin/firefox" "--marionette" "--headless" "--remote-debugging-port" "46697" "--remote-allow-hosts" "localhost" "-no-remote" "-profile" "/tmp/rust_mozprofile1ZAc9V"
*** You are running in headless mode.
1656677576234	Marionette	INFO	Marionette enabled
WebDriver BiDi listening on ws://localhost:46697
[GFX1-]: RenderCompositorSWGL failed mapping default framebuffer, no dt
console.warn: SearchSettings: "get: No settings file exists, new profile?" (new NotFoundError("Could not open the file at /tmp/rust_mozprofile1ZAc9V/search.json.mozlz4", (void 0)))
1656677577127	Marionette	INFO	Listening on port 40143
Read port: 40143
1656677577151	RemoteAgent	WARN	TLS certificate errors will be ignored for this session
DevTools listening on ws://localhost:46697/devtools/browser/ecc7d104-862d-4092-8b0a-4e56c401058d
1656677583949	Marionette	WARN	Ignoring event 'pageshow' because document has an invalid readyState of 'interactive'.
1656677653568	geckodriver	INFO	Listening on 127.0.0.1:51193
1656677653615	mozrunner::runner	INFO	Running command: "/usr/bin/firefox" "--marionette" "--headless" "--remote-debugging-port" "45255" "--remote-allow-hosts" "localhost" "-no-remote" "-profile" "/tmp/rust_mozprofiletmQvWu"
*** You are running in headless mode.
1656677653945	Marionette	INFO	Marionette enabled
WebDriver BiDi listening on ws://localhost:45255
[GFX1-]: RenderCompositorSWGL failed mapping default framebuffer, no dt
console.warn: SearchSettings: "get: No settings file exists, new profile?" (new NotFoundError("Could not open the file at /tmp/rust_mozprofiletmQvWu/search.json.mozlz4", (void 0)))
1656677654842	Marionette	INFO	Listening on port 35375
DevTools listening on ws://localhost:45255/devtools/browser/4a16b770-e4e0-4b17-995a-e0afd19cf58a
Read port: 35375
1656677654927	RemoteAgent	WARN	TLS certificate errors will be ignored for this session
1656677661212	Marionette	WARN	Ignoring event 'pageshow' because document has an invalid readyState of 'interactive'.
1656677720308	geckodriver	INFO	Listening on 127.0.0.1:59327
1656677720363	mozrunner::runner	INFO	Running command: "/usr/bin/firefox" "--marionette" "--headless" "--remote-debugging-port" "45691" "--remote-allow-hosts" "localhost" "-no-remote" "-profile" "/tmp/rust_mozprofile0JXyip"
*** You are running in headless mode.
1656677720633	Marionette	INFO	Marionette enabled
WebDriver BiDi listening on ws://localhost:45691
[GFX1-]: RenderCompositorSWGL failed mapping default framebuffer, no dt
console.warn: SearchSettings: "get: No settings file exists, new profile?" (new NotFoundError("Could not open the file at /tmp/rust_mozprofile0JXyip/search.json.mozlz4", (void 0)))
1656677721493	Marionette	INFO	Listening on port 37543
DevTools listening on ws://localhost:45691/devtools/browser/2a363414-1112-4a32-ad75-229e7244879c
Read port: 37543
1656677721575	RemoteAgent	WARN	TLS certificate errors will be ignored for this session
1656677733212	Marionette	WARN	Ignoring event 'pageshow' because document has an invalid readyState of 'interactive'.
Exiting due to channel error.
Exiting due to channel error.
Exiting due to channel error.
1656677785171	geckodriver	INFO	Listening on 127.0.0.1:54725
1656677785223	mozrunner::runner	INFO	Running command: "/usr/bin/firefox" "--marionette" "--headless" "--remote-debugging-port" "52069" "--remote-allow-hosts" "localhost" "-no-remote" "-profile" "/tmp/rust_mozprofileNfTAxa"
*** You are running in headless mode.
1656677785505	Marionette	INFO	Marionette enabled
WebDriver BiDi listening on ws://localhost:52069
[GFX1-]: RenderCompositorSWGL failed mapping default framebuffer, no dt
console.warn: SearchSettings: "get: No settings file exists, new profile?" (new NotFoundError("Could not open the file at /tmp/rust_mozprofileNfTAxa/search.json.mozlz4", (void 0)))
1656677786352	Marionette	INFO	Listening on port 33179
DevTools listening on ws://localhost:52069/devtools/browser/3cccf405-18bf-425a-94de-aa954dc67484
Read port: 33179
1656677786433	RemoteAgent	WARN	TLS certificate errors will be ignored for this session
1656677793296	Marionette	WARN	Ignoring event 'pageshow' because document has an invalid readyState of 'interactive'.
Exiting due to channel error.
Exiting due to channel error.
Exiting due to channel error.
1656678060894	geckodriver	INFO	Listening on 127.0.0.1:33241
1656678060944	mozrunner::runner	INFO	Running command: "/usr/bin/firefox" "--marionette" "--headless" "--remote-debugging-port" "52153" "--remote-allow-hosts" "localhost" "-no-remote" "-profile" "/tmp/rust_mozprofileEvCOHw"
*** You are running in headless mode.
1656678061230	Marionette	INFO	Marionette enabled
WebDriver BiDi listening on ws://localhost:52153
[GFX1-]: RenderCompositorSWGL failed mapping default framebuffer, no dt
console.warn: SearchSettings: "get: No settings file exists, new profile?" (new NotFoundError("Could not open the file at /tmp/rust_mozprofileEvCOHw/search.json.mozlz4", (void 0)))
1656678062101	Marionette	INFO	Listening on port 33289
DevTools listening on ws://localhost:52153/devtools/browser/19e4dc00-1241-43f9-8ee2-aedb5a347451
Read port: 33289
1656678062158	RemoteAgent	WARN	TLS certificate errors will be ignored for this session
1656678087302	Marionette	WARN	Ignoring event 'pageshow' because document has an invalid readyState of 'interactive'.
1656678100210	Marionette	WARN	Ignoring event 'pageshow' because document has an invalid readyState of 'interactive'.
Exiting due to channel error.
Exiting due to channel error.
Exiting due to channel error.
1656678137592	geckodriver	INFO	Listening on 127.0.0.1:39387
1656678137640	mozrunner::runner	INFO	Running command: "/usr/bin/firefox" "--marionette" "--headless" "--remote-debugging-port" "38703" "--remote-allow-hosts" "localhost" "-no-remote" "-profile" "/tmp/rust_mozprofileX6ka4d"
*** You are running in headless mode.
1656678137930	Marionette	INFO	Marionette enabled
WebDriver BiDi listening on ws://localhost:38703
[GFX1-]: RenderCompositorSWGL failed mapping default framebuffer, no dt
console.warn: SearchSettings: "get: No settings file exists, new profile?" (new NotFoundError("Could not open the file at /tmp/rust_mozprofileX6ka4d/search.json.mozlz4", (void 0)))
1656678138797	Marionette	INFO	Listening on port 39829
DevTools listening on ws://localhost:38703/devtools/browser/e6aff13a-9f8f-412b-85a7-6e37e2ead405
Read port: 39829
1656678138862	RemoteAgent	WARN	TLS certificate errors will be ignored for this session
1656678148267	Marionette	WARN	Ignoring event 'pageshow' because document has an invalid readyState of 'interactive'.
Exiting due to channel error.
Exiting due to channel error.
Exiting due to channel error.
1656678217531	geckodriver	INFO	Listening on 127.0.0.1:52129
1656678217583	mozrunner::runner	INFO	Running command: "/usr/bin/firefox" "--marionette" "--headless" "--remote-debugging-port" "46879" "--remote-allow-hosts" "localhost" "-no-remote" "-profile" "/tmp/rust_mozprofileUdqCMG"
*** You are running in headless mode.
1656678217831	Marionette	INFO	Marionette enabled
WebDriver BiDi listening on ws://localhost:46879
[GFX1-]: RenderCompositorSWGL failed mapping default framebuffer, no dt
console.warn: SearchSettings: "get: No settings file exists, new profile?" (new NotFoundError("Could not open the file at /tmp/rust_mozprofileUdqCMG/search.json.mozlz4", (void 0)))
1656678218758	Marionette	INFO	Listening on port 36253
DevTools listening on ws://localhost:46879/devtools/browser/4e25437d-9685-4822-89bd-935394131215
Read port: 36253
1656678218795	RemoteAgent	WARN	TLS certificate errors will be ignored for this session
Exiting due to channel error.
Exiting due to channel error.
Exiting due to channel error.
1656678246681	geckodriver	INFO	Listening on 127.0.0.1:48253
1656678246727	mozrunner::runner	INFO	Running command: "/usr/bin/firefox" "--marionette" "--headless" "--remote-debugging-port" "48949" "--remote-allow-hosts" "localhost" "-no-remote" "-profile" "/tmp/rust_mozprofilenNjz0O"
*** You are running in headless mode.
1656678246999	Marionette	INFO	Marionette enabled
WebDriver BiDi listening on ws://localhost:48949
[GFX1-]: RenderCompositorSWGL failed mapping default framebuffer, no dt
console.warn: SearchSettings: "get: No settings file exists, new profile?" (new NotFoundError("Could not open the file at /tmp/rust_mozprofilenNjz0O/search.json.mozlz4", (void 0)))
1656678247874	Marionette	INFO	Listening on port 37135
DevTools listening on ws://localhost:48949/devtools/browser/34ccc71b-c49b-42cd-8e15-8e6b9a512c5d
Read port: 37135
1656678247943	RemoteAgent	WARN	TLS certificate errors will be ignored for this session
Exiting due to channel error.
Exiting due to channel error.
Exiting due to channel error.
1656678372048	geckodriver	INFO	Listening on 127.0.0.1:33021
1656678372095	mozrunner::runner	INFO	Running command: "/usr/bin/firefox" "--marionette" "--headless" "--remote-debugging-port" "59893" "--remote-allow-hosts" "localhost" "-no-remote" "-profile" "/tmp/rust_mozprofileYzcrFj"
*** You are running in headless mode.
1656678372372	Marionette	INFO	Marionette enabled
WebDriver BiDi listening on ws://localhost:59893
[GFX1-]: RenderCompositorSWGL failed mapping default framebuffer, no dt
console.warn: SearchSettings: "get: No settings file exists, new profile?" (new NotFoundError("Could not open the file at /tmp/rust_mozprofileYzcrFj/search.json.mozlz4", (void 0)))
1656678373219	Marionette	INFO	Listening on port 39367
DevTools listening on ws://localhost:59893/devtools/browser/0f92f016-573f-4242-9bd7-7474d4202d0a
Read port: 39367
1656678373318	RemoteAgent	WARN	TLS certificate errors will be ignored for this session
1656678390867	Marionette	WARN	Ignoring event 'pageshow' because document has an invalid readyState of 'interactive'.
Exiting due to channel error.
Exiting due to channel error.
Exiting due to channel error.
1656678640795	geckodriver	INFO	Listening on 127.0.0.1:51529
1656678640861	mozrunner::runner	INFO	Running command: "/usr/bin/firefox" "--marionette" "--headless" "--remote-debugging-port" "57397" "--remote-allow-hosts" "localhost" "-no-remote" "-profile" "/tmp/rust_mozprofileqsyTmE"
*** You are running in headless mode.
1656678641164	Marionette	INFO	Marionette enabled
WebDriver BiDi listening on ws://localhost:57397
[GFX1-]: RenderCompositorSWGL failed mapping default framebuffer, no dt
console.warn: SearchSettings: "get: No settings file exists, new profile?" (new NotFoundError("Could not open the file at /tmp/rust_mozprofileqsyTmE/search.json.mozlz4", (void 0)))
1656678642501	Marionette	INFO	Listening on port 36877
DevTools listening on ws://localhost:57397/devtools/browser/231f7c0a-fae8-452b-9053-ba5a80c82270
Read port: 36877
1656678642582	RemoteAgent	WARN	TLS certificate errors will be ignored for this session
JavaScript warning: https://static.xx.fbcdn.net/rsrc.php/v3iqES4/yA/l/en_US/ALWiWBtWTpB.js?_nc_x=Ij3Wp8lg5Kz, line 20: WEBGL_debug_renderer_info is deprecated in Firefox and will be removed. Please use RENDERER.
Exiting due to channel error.
Exiting due to channel error.
Exiting due to channel error.
